 
****************************************
Report : area
Design : DT
Version: Q-2019.12
Date   : Tue Feb 15 13:48:58 2022
****************************************

Library(s) Used:

    slow (File: /home/nfs_cad/lib/CBDK_IC_Contest_v2.1/SynopsysDC/db/slow.db)

Number of ports:                          171
Number of nets:                           759
Number of cells:                          550
Number of combinational cells:            492
Number of sequential cells:                53
Number of macros/black boxes:               0
Number of buf/inv:                         71
Number of references:                      93

Combinational area:               4650.875949
Buf/Inv area:                      383.612396
Noncombinational area:            1760.203777
Macro/Black Box area:                0.000000
Net Interconnect area:           67573.671021

Total cell area:                  6411.079726
Total area:                      73984.750747
1
