ncverilog(64): 15.20-s084: (c) Copyright 1995-2020 Cadence Design Systems, Inc.
TOOL:	ncverilog	15.20-s084: Started on Feb 15, 2022 at 14:37:11 CST
ncverilog
	testfixture.v
	DT.v
	+define+TB1+FSDB
	+access+r
	+nc64bit
Recompiling... reason: file './testfixture.v' is newer than expected.
	expected: Tue Feb 15 13:50:56 2022
	actual:   Tue Feb 15 14:37:07 2022
file: testfixture.v
	module worklib.testfixture:v
		errors: 0, warnings: 0
		Caching library 'worklib' ....... Done
	Elaborating the design hierarchy:
	Building instance overlay tables: .................... Done
	Generating native compiled code:
		worklib.testfixture:v <0x592fd928>
			streams:  12, words: 27006
	Building instance specific data structures.
	Loading native compiled code:     .................... Done
	Design hierarchy summary:
		                  Instances  Unique
		Modules:                  4       4
		Registers:               30      30
		Scalar wires:            10       -
		Vectored wires:           6       -
		Always blocks:           15      15
		Initial blocks:          12      12
		Cont. assignments:        1       1
		Pseudo assignments:       1       1
		Simulation timescale:  10ps
	Writing initial simulation snapshot: worklib.testfixture:v
Loading snapshot worklib.testfixture:v .................... Done
*Verdi* Loading libsscore_ius152.so
ncsim> source /usr/cad/cadence/INCISIV/cur/tools/inca/files/ncsimrc
ncsim> run
FSDB Dumper for IUS, Release Verdi_O-2018.09, Linux x86_64/64bit, 08/30/2018
(C) 1996 - 2018 by Synopsys, Inc.
*Verdi* FSDB WARNING: The FSDB file already exists. Overwriting the FSDB file may crash the programs that are using this file.
*Verdi* : Create FSDB file 'DT.fsdb'
*Verdi* : Begin traversing the scopes, layer (0).
*Verdi* : End of traversing.
*Verdi* : Dumping the MDA (testfixture.u_sti_ROM.sti_M).
*Verdi* : Dumping the MDA (testfixture.u_res_RAM.res_M).
-----------------------------------------------------

START!!! Simulation Start .....

-----------------------------------------------------

 Output pixel: 0 ~           0 are correct!

 Output pixel: 0 ~        1000 are correct!

 Output pixel: 0 ~        2000 are correct!

 Output pixel: 0 ~        3000 are correct!

 Output pixel: 0 ~        4000 are correct!

 Output pixel: 0 ~        5000 are correct!

 Output pixel: 0 ~        6000 are correct!

 Output pixel: 0 ~        7000 are correct!

 Output pixel: 0 ~        8000 are correct!

 Output pixel: 0 ~        9000 are correct!

 Output pixel: 0 ~       10000 are correct!

 Output pixel: 0 ~       11000 are correct!

 Output pixel: 0 ~       12000 are correct!

 Output pixel: 0 ~       13000 are correct!

 Output pixel: 0 ~       14000 are correct!

 Output pixel: 0 ~       15000 are correct!

 Output pixel: 0 ~       16000 are correct!

-------------------------------------------------------------

Congratulations!!! All data have been generated successfully!

---------- The test result is ..... PASS --------------------

                                                     

-----------------------------------------------------

Simulation complete via $finish(1) at time 1331149330 PS + 0
./testfixture.v:173       #(`CYCLE/3); $finish;
ncsim> exit
TOOL:	ncverilog	15.20-s084: Exiting on Feb 15, 2022 at 14:37:13 CST  (total: 00:00:02)
